25-Apr-2021 19:21:35.256 정보 [main] org.apache.catalina.startup.VersionLoggerListener.log 서버 버전 이름:    Apache Tomcat/10.0.5
25-Apr-2021 19:21:35.256 정보 [main] org.apache.catalina.startup.VersionLoggerListener.log Server 빌드 시각:  Mar 30 2021 08:19:50 UTC
25-Apr-2021 19:21:35.256 정보 [main] org.apache.catalina.startup.VersionLoggerListener.log Server 버전 번호:  10.0.5.0
25-Apr-2021 19:21:35.256 정보 [main] org.apache.catalina.startup.VersionLoggerListener.log 운영체제 이름:     Windows 10
25-Apr-2021 19:21:35.256 정보 [main] org.apache.catalina.startup.VersionLoggerListener.log 운영체제 버전:     10.0
25-Apr-2021 19:21:35.256 정보 [main] org.apache.catalina.startup.VersionLoggerListener.log 아키텍처:          x86
25-Apr-2021 19:21:35.256 정보 [main] org.apache.catalina.startup.VersionLoggerListener.log 자바 홈:           C:\Program Files (x86)\Java\jdk1.8.0_291\jre
25-Apr-2021 19:21:35.256 정보 [main] org.apache.catalina.startup.VersionLoggerListener.log JVM 버전:          1.8.0_291-b10
25-Apr-2021 19:21:35.256 정보 [main] org.apache.catalina.startup.VersionLoggerListener.log JVM 벤더:          Oracle Corporation
25-Apr-2021 19:21:35.256 정보 [main] org.apache.catalina.startup.VersionLoggerListener.log CATALINA_BASE:     C:\Users\Administrator\Desktop\kim\apache-tomcat-10.0.5
25-Apr-2021 19:21:35.256 정보 [main] org.apache.catalina.startup.VersionLoggerListener.log CATALINA_HOME:     C:\Users\Administrator\Desktop\kim\apache-tomcat-10.0.5
25-Apr-2021 19:21:35.272 정보 [main] org.apache.catalina.startup.VersionLoggerListener.log 명령 행 아규먼트:  -Djava.util.logging.config.file=C:\Users\Administrator\Desktop\kim\apache-tomcat-10.0.5\conf\logging.properties
25-Apr-2021 19:21:35.272 정보 [main] org.apache.catalina.startup.VersionLoggerListener.log 명령 행 아규먼트:  -Djava.util.logging.manager=org.apache.juli.ClassLoaderLogManager
25-Apr-2021 19:21:35.272 정보 [main] org.apache.catalina.startup.VersionLoggerListener.log 명령 행 아규먼트:  -Djdk.tls.ephemeralDHKeySize=2048
25-Apr-2021 19:21:35.272 정보 [main] org.apache.catalina.startup.VersionLoggerListener.log 명령 행 아규먼트:  -Djava.protocol.handler.pkgs=org.apache.catalina.webresources
25-Apr-2021 19:21:35.272 정보 [main] org.apache.catalina.startup.VersionLoggerListener.log 명령 행 아규먼트:  -Dignore.endorsed.dirs=
25-Apr-2021 19:21:35.272 정보 [main] org.apache.catalina.startup.VersionLoggerListener.log 명령 행 아규먼트:  -Dcatalina.base=C:\Users\Administrator\Desktop\kim\apache-tomcat-10.0.5
25-Apr-2021 19:21:35.272 정보 [main] org.apache.catalina.startup.VersionLoggerListener.log 명령 행 아규먼트:  -Dcatalina.home=C:\Users\Administrator\Desktop\kim\apache-tomcat-10.0.5
25-Apr-2021 19:21:35.272 정보 [main] org.apache.catalina.startup.VersionLoggerListener.log 명령 행 아규먼트:  -Djava.io.tmpdir=C:\Users\Administrator\Desktop\kim\apache-tomcat-10.0.5\temp
25-Apr-2021 19:21:35.288 정보 [main] org.apache.catalina.core.AprLifecycleListener.lifecycleEvent 프로덕션 환경들에서 최적의 성능을 제공하는, APR 기반 Apache Tomcat Native 라이브러리가, 다음 java.library.path에서 발견되지 않습니다: [C:\Program Files (x86)\Java\jdk1.8.0_291\bin;C:\WINDOWS\Sun\Java\bin;C:\WINDOWS\system32;C:\WINDOWS;C:\Program Files (x86)\Common Files\Oracle\Java\javapath;C:\Program Files (x86)\Intel\Intel(R) Management Engine Components\iCLS\;C:\Program Files\Intel\Intel(R) Management Engine Components\iCLS\;C:\ProgramData\Oracle\Java\javapath;C:\WINDOWS\system32;C:\WINDOWS;C:\WINDOWS\System32\Wbem;C:\WINDOWS\System32\WindowsPowerShell\v1.0\;C:\Program Files (x86)\Windows Live\Shared;C:\WINDOWS\system32;C:\WINDOWS;C:\WINDOWS\System32\Wbem;C:\WINDOWS\System32\WindowsPowerShell\v1.0\;C:\Program Files (x86)\Intel\Intel(R) Management Engine Components\DAL;C:\Program Files\Intel\Intel(R) Management Engine Components\DAL;C:\Program Files (x86)\Intel\Intel(R) Management Engine Components\IPT;C:\Program Files\Intel\Intel(R) Management Engine Components\IPT;C:\Program Files\Csound6_x64\bin;C:\Program Files\NVIDIA Corporation\NVIDIA NvDLISR;C:\Program Files (x86)\NVIDIA Corporation\PhysX\Common;C:\Program Files\nodejs\;C:\Program Files\Git\cmd;C:\Program Files (x86)\Java\jdk1.8.0_291\bin;C:\Users\Administrator\AppData\Local\Programs\AdoptOpenJDK\jdk-11.0.10.9-hotspot\bin;C:\Users\Administrator\AppData\Local\Microsoft\WindowsApps;C:\Program Files (x86)\SoftForum\XecureHSM\;C:\Users\Administrator\AppData\Local\Programs\Microsoft VS Code\bin;C:\Users\Administrator\AppData\Roaming\npm;C:\Program Files (x86)\ESTsoft\ALSee\x64;.]
25-Apr-2021 19:21:35.569 정보 [main] org.apache.coyote.AbstractProtocol.init 프로토콜 핸들러 ["http-nio-8181"]을(를) 초기화합니다.
25-Apr-2021 19:21:35.600 정보 [main] org.apache.catalina.startup.Catalina.load [490] 밀리초 내에 서버가 초기화되었습니다.
25-Apr-2021 19:21:35.631 정보 [main] org.apache.catalina.core.StandardService.startInternal 서비스 [Catalina]을(를) 시작합니다.
25-Apr-2021 19:21:35.631 정보 [main] org.apache.catalina.core.StandardEngine.startInternal 서버 엔진을 시작합니다: [Apache Tomcat/10.0.5]
25-Apr-2021 19:21:35.647 정보 [main] org.apache.catalina.startup.HostConfig.deployDescriptor 배치 descriptor [C:\Users\Administrator\Desktop\kim\apache-tomcat-10.0.5\conf\Catalina\localhost\JSPBasic.xml]을(를) 배치합니다.
25-Apr-2021 19:21:35.663 경고 [main] org.apache.catalina.startup.HostConfig.deployDescriptor 배치 descriptor [C:\Users\Administrator\Desktop\kim\apache-tomcat-10.0.5\conf\Catalina\localhost\JSPBasic.xml] 내에서, [/JSPBasic] 값을 가진 path 속성은 무시됩니다.
25-Apr-2021 19:21:35.881 정보 [main] org.apache.catalina.startup.HostConfig.deployDescriptor 배치 descriptor [C:\Users\Administrator\Desktop\kim\apache-tomcat-10.0.5\conf\Catalina\localhost\JSPBasic.xml]의 배치가 [234] 밀리초 내에 완료되었습니다.
25-Apr-2021 19:21:35.897 정보 [main] org.apache.catalina.startup.HostConfig.deployDirectory 웹 애플리케이션 디렉토리 [C:\Users\Administrator\Desktop\kim\apache-tomcat-10.0.5\webapps\docs]을(를) 배치합니다.
25-Apr-2021 19:21:35.913 정보 [main] org.apache.catalina.startup.HostConfig.deployDirectory 웹 애플리케이션 디렉토리 [C:\Users\Administrator\Desktop\kim\apache-tomcat-10.0.5\webapps\docs]에 대한 배치가 [16] 밀리초에 완료되었습니다.
25-Apr-2021 19:21:35.913 정보 [main] org.apache.catalina.startup.HostConfig.deployDirectory 웹 애플리케이션 디렉토리 [C:\Users\Administrator\Desktop\kim\apache-tomcat-10.0.5\webapps\examples]을(를) 배치합니다.
25-Apr-2021 19:21:36.288 정보 [main] org.apache.catalina.startup.HostConfig.deployDirectory 웹 애플리케이션 디렉토리 [C:\Users\Administrator\Desktop\kim\apache-tomcat-10.0.5\webapps\examples]에 대한 배치가 [375] 밀리초에 완료되었습니다.
25-Apr-2021 19:21:36.288 정보 [main] org.apache.catalina.startup.HostConfig.deployDirectory 웹 애플리케이션 디렉토리 [C:\Users\Administrator\Desktop\kim\apache-tomcat-10.0.5\webapps\host-manager]을(를) 배치합니다.
25-Apr-2021 19:21:36.319 정보 [main] org.apache.catalina.startup.HostConfig.deployDirectory 웹 애플리케이션 디렉토리 [C:\Users\Administrator\Desktop\kim\apache-tomcat-10.0.5\webapps\host-manager]에 대한 배치가 [31] 밀리초에 완료되었습니다.
25-Apr-2021 19:21:36.319 정보 [main] org.apache.catalina.startup.HostConfig.deployDirectory 웹 애플리케이션 디렉토리 [C:\Users\Administrator\Desktop\kim\apache-tomcat-10.0.5\webapps\manager]을(를) 배치합니다.
25-Apr-2021 19:21:36.350 정보 [main] org.apache.catalina.startup.HostConfig.deployDirectory 웹 애플리케이션 디렉토리 [C:\Users\Administrator\Desktop\kim\apache-tomcat-10.0.5\webapps\manager]에 대한 배치가 [31] 밀리초에 완료되었습니다.
25-Apr-2021 19:21:36.350 정보 [main] org.apache.catalina.startup.HostConfig.deployDirectory 웹 애플리케이션 디렉토리 [C:\Users\Administrator\Desktop\kim\apache-tomcat-10.0.5\webapps\ROOT]을(를) 배치합니다.
25-Apr-2021 19:21:36.366 정보 [main] org.apache.catalina.startup.HostConfig.deployDirectory 웹 애플리케이션 디렉토리 [C:\Users\Administrator\Desktop\kim\apache-tomcat-10.0.5\webapps\ROOT]에 대한 배치가 [16] 밀리초에 완료되었습니다.
25-Apr-2021 19:21:36.366 정보 [main] org.apache.coyote.AbstractProtocol.start 프로토콜 핸들러 ["http-nio-8181"]을(를) 시작합니다.
25-Apr-2021 19:21:36.382 정보 [main] org.apache.catalina.startup.Catalina.start 서버가 [782] 밀리초 내에 시작되었습니다.
25-Apr-2021 19:30:43.296 정보 [main] org.apache.catalina.startup.VersionLoggerListener.log 서버 버전 이름:    Apache Tomcat/10.0.5
25-Apr-2021 19:30:43.296 정보 [main] org.apache.catalina.startup.VersionLoggerListener.log Server 빌드 시각:  Mar 30 2021 08:19:50 UTC
25-Apr-2021 19:30:43.296 정보 [main] org.apache.catalina.startup.VersionLoggerListener.log Server 버전 번호:  10.0.5.0
25-Apr-2021 19:30:43.296 정보 [main] org.apache.catalina.startup.VersionLoggerListener.log 운영체제 이름:     Windows 10
25-Apr-2021 19:30:43.296 정보 [main] org.apache.catalina.startup.VersionLoggerListener.log 운영체제 버전:     10.0
25-Apr-2021 19:30:43.296 정보 [main] org.apache.catalina.startup.VersionLoggerListener.log 아키텍처:          x86
25-Apr-2021 19:30:43.296 정보 [main] org.apache.catalina.startup.VersionLoggerListener.log 자바 홈:           C:\Program Files (x86)\Java\jdk1.8.0_291\jre
25-Apr-2021 19:30:43.296 정보 [main] org.apache.catalina.startup.VersionLoggerListener.log JVM 버전:          1.8.0_291-b10
25-Apr-2021 19:30:43.296 정보 [main] org.apache.catalina.startup.VersionLoggerListener.log JVM 벤더:          Oracle Corporation
25-Apr-2021 19:30:43.296 정보 [main] org.apache.catalina.startup.VersionLoggerListener.log CATALINA_BASE:     C:\Users\Administrator\Desktop\kim\apache-tomcat-10.0.5
25-Apr-2021 19:30:43.296 정보 [main] org.apache.catalina.startup.VersionLoggerListener.log CATALINA_HOME:     C:\Users\Administrator\Desktop\kim\apache-tomcat-10.0.5
25-Apr-2021 19:30:43.296 정보 [main] org.apache.catalina.startup.VersionLoggerListener.log 명령 행 아규먼트:  -Djava.util.logging.config.file=C:\Users\Administrator\Desktop\kim\apache-tomcat-10.0.5\conf\logging.properties
25-Apr-2021 19:30:43.296 정보 [main] org.apache.catalina.startup.VersionLoggerListener.log 명령 행 아규먼트:  -Djava.util.logging.manager=org.apache.juli.ClassLoaderLogManager
25-Apr-2021 19:30:43.296 정보 [main] org.apache.catalina.startup.VersionLoggerListener.log 명령 행 아규먼트:  -Djdk.tls.ephemeralDHKeySize=2048
25-Apr-2021 19:30:43.296 정보 [main] org.apache.catalina.startup.VersionLoggerListener.log 명령 행 아규먼트:  -Djava.protocol.handler.pkgs=org.apache.catalina.webresources
25-Apr-2021 19:30:43.296 정보 [main] org.apache.catalina.startup.VersionLoggerListener.log 명령 행 아규먼트:  -Dignore.endorsed.dirs=
25-Apr-2021 19:30:43.296 정보 [main] org.apache.catalina.startup.VersionLoggerListener.log 명령 행 아규먼트:  -Dcatalina.base=C:\Users\Administrator\Desktop\kim\apache-tomcat-10.0.5
25-Apr-2021 19:30:43.296 정보 [main] org.apache.catalina.startup.VersionLoggerListener.log 명령 행 아규먼트:  -Dcatalina.home=C:\Users\Administrator\Desktop\kim\apache-tomcat-10.0.5
25-Apr-2021 19:30:43.296 정보 [main] org.apache.catalina.startup.VersionLoggerListener.log 명령 행 아규먼트:  -Djava.io.tmpdir=C:\Users\Administrator\Desktop\kim\apache-tomcat-10.0.5\temp
25-Apr-2021 19:30:43.311 정보 [main] org.apache.catalina.core.AprLifecycleListener.lifecycleEvent 프로덕션 환경들에서 최적의 성능을 제공하는, APR 기반 Apache Tomcat Native 라이브러리가, 다음 java.library.path에서 발견되지 않습니다: [C:\Program Files (x86)\Java\jdk1.8.0_291\bin;C:\WINDOWS\Sun\Java\bin;C:\WINDOWS\system32;C:\WINDOWS;C:\Program Files (x86)\Common Files\Oracle\Java\javapath;C:\Program Files (x86)\Intel\Intel(R) Management Engine Components\iCLS\;C:\Program Files\Intel\Intel(R) Management Engine Components\iCLS\;C:\ProgramData\Oracle\Java\javapath;C:\WINDOWS\system32;C:\WINDOWS;C:\WINDOWS\System32\Wbem;C:\WINDOWS\System32\WindowsPowerShell\v1.0\;C:\Program Files (x86)\Windows Live\Shared;C:\WINDOWS\system32;C:\WINDOWS;C:\WINDOWS\System32\Wbem;C:\WINDOWS\System32\WindowsPowerShell\v1.0\;C:\Program Files (x86)\Intel\Intel(R) Management Engine Components\DAL;C:\Program Files\Intel\Intel(R) Management Engine Components\DAL;C:\Program Files (x86)\Intel\Intel(R) Management Engine Components\IPT;C:\Program Files\Intel\Intel(R) Management Engine Components\IPT;C:\Program Files\Csound6_x64\bin;C:\Program Files\NVIDIA Corporation\NVIDIA NvDLISR;C:\Program Files (x86)\NVIDIA Corporation\PhysX\Common;C:\Program Files\nodejs\;C:\Program Files\Git\cmd;C:\Program Files (x86)\Java\jdk1.8.0_291\bin;C:\Users\Administrator\AppData\Local\Programs\AdoptOpenJDK\jdk-11.0.10.9-hotspot\bin;C:\Users\Administrator\AppData\Local\Microsoft\WindowsApps;C:\Program Files (x86)\SoftForum\XecureHSM\;C:\Users\Administrator\AppData\Local\Programs\Microsoft VS Code\bin;C:\Users\Administrator\AppData\Roaming\npm;C:\Program Files (x86)\ESTsoft\ALSee\x64;.]
25-Apr-2021 19:30:43.483 정보 [main] org.apache.coyote.AbstractProtocol.init 프로토콜 핸들러 ["http-nio-8181"]을(를) 초기화합니다.
25-Apr-2021 19:30:43.499 정보 [main] org.apache.catalina.startup.Catalina.load [329] 밀리초 내에 서버가 초기화되었습니다.
25-Apr-2021 19:30:43.514 정보 [main] org.apache.catalina.core.StandardService.startInternal 서비스 [Catalina]을(를) 시작합니다.
25-Apr-2021 19:30:43.530 정보 [main] org.apache.catalina.core.StandardEngine.startInternal 서버 엔진을 시작합니다: [Apache Tomcat/10.0.5]
25-Apr-2021 19:30:43.530 정보 [main] org.apache.catalina.startup.HostConfig.deployDescriptor 배치 descriptor [C:\Users\Administrator\Desktop\kim\apache-tomcat-10.0.5\conf\Catalina\localhost\JSPBasic.xml]을(를) 배치합니다.
25-Apr-2021 19:30:43.546 경고 [main] org.apache.catalina.startup.HostConfig.deployDescriptor 배치 descriptor [C:\Users\Administrator\Desktop\kim\apache-tomcat-10.0.5\conf\Catalina\localhost\JSPBasic.xml] 내에서, [/JSPBasic] 값을 가진 path 속성은 무시됩니다.
25-Apr-2021 19:30:43.749 정보 [main] org.apache.catalina.startup.HostConfig.deployDescriptor 배치 descriptor [C:\Users\Administrator\Desktop\kim\apache-tomcat-10.0.5\conf\Catalina\localhost\JSPBasic.xml]의 배치가 [219] 밀리초 내에 완료되었습니다.
25-Apr-2021 19:30:43.749 정보 [main] org.apache.catalina.startup.HostConfig.deployDirectory 웹 애플리케이션 디렉토리 [C:\Users\Administrator\Desktop\kim\apache-tomcat-10.0.5\webapps\docs]을(를) 배치합니다.
25-Apr-2021 19:30:43.780 정보 [main] org.apache.catalina.startup.HostConfig.deployDirectory 웹 애플리케이션 디렉토리 [C:\Users\Administrator\Desktop\kim\apache-tomcat-10.0.5\webapps\docs]에 대한 배치가 [31] 밀리초에 완료되었습니다.
25-Apr-2021 19:30:43.780 정보 [main] org.apache.catalina.startup.HostConfig.deployDirectory 웹 애플리케이션 디렉토리 [C:\Users\Administrator\Desktop\kim\apache-tomcat-10.0.5\webapps\examples]을(를) 배치합니다.
25-Apr-2021 19:30:44.108 정보 [main] org.apache.catalina.startup.HostConfig.deployDirectory 웹 애플리케이션 디렉토리 [C:\Users\Administrator\Desktop\kim\apache-tomcat-10.0.5\webapps\examples]에 대한 배치가 [328] 밀리초에 완료되었습니다.
25-Apr-2021 19:30:44.108 정보 [main] org.apache.catalina.startup.HostConfig.deployDirectory 웹 애플리케이션 디렉토리 [C:\Users\Administrator\Desktop\kim\apache-tomcat-10.0.5\webapps\host-manager]을(를) 배치합니다.
25-Apr-2021 19:30:44.139 정보 [main] org.apache.catalina.startup.HostConfig.deployDirectory 웹 애플리케이션 디렉토리 [C:\Users\Administrator\Desktop\kim\apache-tomcat-10.0.5\webapps\host-manager]에 대한 배치가 [31] 밀리초에 완료되었습니다.
25-Apr-2021 19:30:44.139 정보 [main] org.apache.catalina.startup.HostConfig.deployDirectory 웹 애플리케이션 디렉토리 [C:\Users\Administrator\Desktop\kim\apache-tomcat-10.0.5\webapps\manager]을(를) 배치합니다.
25-Apr-2021 19:30:44.171 정보 [main] org.apache.catalina.startup.HostConfig.deployDirectory 웹 애플리케이션 디렉토리 [C:\Users\Administrator\Desktop\kim\apache-tomcat-10.0.5\webapps\manager]에 대한 배치가 [32] 밀리초에 완료되었습니다.
25-Apr-2021 19:30:44.171 정보 [main] org.apache.catalina.startup.HostConfig.deployDirectory 웹 애플리케이션 디렉토리 [C:\Users\Administrator\Desktop\kim\apache-tomcat-10.0.5\webapps\ROOT]을(를) 배치합니다.
25-Apr-2021 19:30:44.186 정보 [main] org.apache.catalina.startup.HostConfig.deployDirectory 웹 애플리케이션 디렉토리 [C:\Users\Administrator\Desktop\kim\apache-tomcat-10.0.5\webapps\ROOT]에 대한 배치가 [15] 밀리초에 완료되었습니다.
25-Apr-2021 19:30:44.186 정보 [main] org.apache.coyote.AbstractProtocol.start 프로토콜 핸들러 ["http-nio-8181"]을(를) 시작합니다.
25-Apr-2021 19:30:44.202 정보 [main] org.apache.catalina.startup.Catalina.start 서버가 [694] 밀리초 내에 시작되었습니다.
25-Apr-2021 20:39:56.349 정보 [main] org.apache.catalina.startup.VersionLoggerListener.log 서버 버전 이름:    Apache Tomcat/10.0.5
25-Apr-2021 20:39:56.349 정보 [main] org.apache.catalina.startup.VersionLoggerListener.log Server 빌드 시각:  Mar 30 2021 08:19:50 UTC
25-Apr-2021 20:39:56.349 정보 [main] org.apache.catalina.startup.VersionLoggerListener.log Server 버전 번호:  10.0.5.0
25-Apr-2021 20:39:56.349 정보 [main] org.apache.catalina.startup.VersionLoggerListener.log 운영체제 이름:     Windows 10
25-Apr-2021 20:39:56.349 정보 [main] org.apache.catalina.startup.VersionLoggerListener.log 운영체제 버전:     10.0
25-Apr-2021 20:39:56.349 정보 [main] org.apache.catalina.startup.VersionLoggerListener.log 아키텍처:          x86
25-Apr-2021 20:39:56.349 정보 [main] org.apache.catalina.startup.VersionLoggerListener.log 자바 홈:           C:\Program Files (x86)\Java\jdk1.8.0_291\jre
25-Apr-2021 20:39:56.349 정보 [main] org.apache.catalina.startup.VersionLoggerListener.log JVM 버전:          1.8.0_291-b10
25-Apr-2021 20:39:56.349 정보 [main] org.apache.catalina.startup.VersionLoggerListener.log JVM 벤더:          Oracle Corporation
25-Apr-2021 20:39:56.349 정보 [main] org.apache.catalina.startup.VersionLoggerListener.log CATALINA_BASE:     C:\Users\Administrator\Desktop\kim\apache-tomcat-10.0.5
25-Apr-2021 20:39:56.349 정보 [main] org.apache.catalina.startup.VersionLoggerListener.log CATALINA_HOME:     C:\Users\Administrator\Desktop\kim\apache-tomcat-10.0.5
25-Apr-2021 20:39:56.349 정보 [main] org.apache.catalina.startup.VersionLoggerListener.log 명령 행 아규먼트:  -Djava.util.logging.config.file=C:\Users\Administrator\Desktop\kim\apache-tomcat-10.0.5\conf\logging.properties
25-Apr-2021 20:39:56.349 정보 [main] org.apache.catalina.startup.VersionLoggerListener.log 명령 행 아규먼트:  -Djava.util.logging.manager=org.apache.juli.ClassLoaderLogManager
25-Apr-2021 20:39:56.349 정보 [main] org.apache.catalina.startup.VersionLoggerListener.log 명령 행 아규먼트:  -Djdk.tls.ephemeralDHKeySize=2048
25-Apr-2021 20:39:56.349 정보 [main] org.apache.catalina.startup.VersionLoggerListener.log 명령 행 아규먼트:  -Djava.protocol.handler.pkgs=org.apache.catalina.webresources
25-Apr-2021 20:39:56.349 정보 [main] org.apache.catalina.startup.VersionLoggerListener.log 명령 행 아규먼트:  -Dignore.endorsed.dirs=
25-Apr-2021 20:39:56.349 정보 [main] org.apache.catalina.startup.VersionLoggerListener.log 명령 행 아규먼트:  -Dcatalina.base=C:\Users\Administrator\Desktop\kim\apache-tomcat-10.0.5
25-Apr-2021 20:39:56.349 정보 [main] org.apache.catalina.startup.VersionLoggerListener.log 명령 행 아규먼트:  -Dcatalina.home=C:\Users\Administrator\Desktop\kim\apache-tomcat-10.0.5
25-Apr-2021 20:39:56.349 정보 [main] org.apache.catalina.startup.VersionLoggerListener.log 명령 행 아규먼트:  -Djava.io.tmpdir=C:\Users\Administrator\Desktop\kim\apache-tomcat-10.0.5\temp
25-Apr-2021 20:39:56.365 정보 [main] org.apache.catalina.core.AprLifecycleListener.lifecycleEvent 프로덕션 환경들에서 최적의 성능을 제공하는, APR 기반 Apache Tomcat Native 라이브러리가, 다음 java.library.path에서 발견되지 않습니다: [C:\Program Files (x86)\Java\jdk1.8.0_291\bin;C:\WINDOWS\Sun\Java\bin;C:\WINDOWS\system32;C:\WINDOWS;C:\Program Files (x86)\Common Files\Oracle\Java\javapath;C:\Program Files (x86)\Intel\Intel(R) Management Engine Components\iCLS\;C:\Program Files\Intel\Intel(R) Management Engine Components\iCLS\;C:\ProgramData\Oracle\Java\javapath;C:\WINDOWS\system32;C:\WINDOWS;C:\WINDOWS\System32\Wbem;C:\WINDOWS\System32\WindowsPowerShell\v1.0\;C:\Program Files (x86)\Windows Live\Shared;C:\WINDOWS\system32;C:\WINDOWS;C:\WINDOWS\System32\Wbem;C:\WINDOWS\System32\WindowsPowerShell\v1.0\;C:\Program Files (x86)\Intel\Intel(R) Management Engine Components\DAL;C:\Program Files\Intel\Intel(R) Management Engine Components\DAL;C:\Program Files (x86)\Intel\Intel(R) Management Engine Components\IPT;C:\Program Files\Intel\Intel(R) Management Engine Components\IPT;C:\Program Files\Csound6_x64\bin;C:\Program Files\NVIDIA Corporation\NVIDIA NvDLISR;C:\Program Files (x86)\NVIDIA Corporation\PhysX\Common;C:\Program Files\nodejs\;C:\Program Files\Git\cmd;C:\Program Files (x86)\Java\jdk1.8.0_291\bin;C:\Users\Administrator\AppData\Local\Programs\AdoptOpenJDK\jdk-11.0.10.9-hotspot\bin;C:\Users\Administrator\AppData\Local\Microsoft\WindowsApps;C:\Program Files (x86)\SoftForum\XecureHSM\;C:\Users\Administrator\AppData\Local\Programs\Microsoft VS Code\bin;C:\Users\Administrator\AppData\Roaming\npm;C:\Program Files (x86)\ESTsoft\ALSee\x64;.]
25-Apr-2021 20:39:56.537 정보 [main] org.apache.coyote.AbstractProtocol.init 프로토콜 핸들러 ["http-nio-8181"]을(를) 초기화합니다.
25-Apr-2021 20:39:56.553 정보 [main] org.apache.catalina.startup.Catalina.load [340] 밀리초 내에 서버가 초기화되었습니다.
25-Apr-2021 20:39:56.585 정보 [main] org.apache.catalina.core.StandardService.startInternal 서비스 [Catalina]을(를) 시작합니다.
25-Apr-2021 20:39:56.585 정보 [main] org.apache.catalina.core.StandardEngine.startInternal 서버 엔진을 시작합니다: [Apache Tomcat/10.0.5]
25-Apr-2021 20:39:56.585 정보 [main] org.apache.catalina.startup.HostConfig.deployDescriptor 배치 descriptor [C:\Users\Administrator\Desktop\kim\apache-tomcat-10.0.5\conf\Catalina\localhost\JSPBasic.xml]을(를) 배치합니다.
25-Apr-2021 20:39:56.601 경고 [main] org.apache.catalina.startup.HostConfig.deployDescriptor 배치 descriptor [C:\Users\Administrator\Desktop\kim\apache-tomcat-10.0.5\conf\Catalina\localhost\JSPBasic.xml] 내에서, [/JSPBasic] 값을 가진 path 속성은 무시됩니다.
25-Apr-2021 20:39:56.804 정보 [main] org.apache.catalina.startup.HostConfig.deployDescriptor 배치 descriptor [C:\Users\Administrator\Desktop\kim\apache-tomcat-10.0.5\conf\Catalina\localhost\JSPBasic.xml]의 배치가 [219] 밀리초 내에 완료되었습니다.
25-Apr-2021 20:39:56.804 정보 [main] org.apache.catalina.startup.HostConfig.deployDirectory 웹 애플리케이션 디렉토리 [C:\Users\Administrator\Desktop\kim\apache-tomcat-10.0.5\webapps\docs]을(를) 배치합니다.
25-Apr-2021 20:39:56.819 정보 [main] org.apache.catalina.startup.HostConfig.deployDirectory 웹 애플리케이션 디렉토리 [C:\Users\Administrator\Desktop\kim\apache-tomcat-10.0.5\webapps\docs]에 대한 배치가 [15] 밀리초에 완료되었습니다.
25-Apr-2021 20:39:56.835 정보 [main] org.apache.catalina.startup.HostConfig.deployDirectory 웹 애플리케이션 디렉토리 [C:\Users\Administrator\Desktop\kim\apache-tomcat-10.0.5\webapps\examples]을(를) 배치합니다.
25-Apr-2021 20:39:57.194 정보 [main] org.apache.catalina.startup.HostConfig.deployDirectory 웹 애플리케이션 디렉토리 [C:\Users\Administrator\Desktop\kim\apache-tomcat-10.0.5\webapps\examples]에 대한 배치가 [359] 밀리초에 완료되었습니다.
25-Apr-2021 20:39:57.194 정보 [main] org.apache.catalina.startup.HostConfig.deployDirectory 웹 애플리케이션 디렉토리 [C:\Users\Administrator\Desktop\kim\apache-tomcat-10.0.5\webapps\host-manager]을(를) 배치합니다.
25-Apr-2021 20:39:57.226 정보 [main] org.apache.catalina.startup.HostConfig.deployDirectory 웹 애플리케이션 디렉토리 [C:\Users\Administrator\Desktop\kim\apache-tomcat-10.0.5\webapps\host-manager]에 대한 배치가 [32] 밀리초에 완료되었습니다.
25-Apr-2021 20:39:57.226 정보 [main] org.apache.catalina.startup.HostConfig.deployDirectory 웹 애플리케이션 디렉토리 [C:\Users\Administrator\Desktop\kim\apache-tomcat-10.0.5\webapps\manager]을(를) 배치합니다.
25-Apr-2021 20:39:57.257 정보 [main] org.apache.catalina.startup.HostConfig.deployDirectory 웹 애플리케이션 디렉토리 [C:\Users\Administrator\Desktop\kim\apache-tomcat-10.0.5\webapps\manager]에 대한 배치가 [31] 밀리초에 완료되었습니다.
25-Apr-2021 20:39:57.257 정보 [main] org.apache.catalina.startup.HostConfig.deployDirectory 웹 애플리케이션 디렉토리 [C:\Users\Administrator\Desktop\kim\apache-tomcat-10.0.5\webapps\ROOT]을(를) 배치합니다.
25-Apr-2021 20:39:57.273 정보 [main] org.apache.catalina.startup.HostConfig.deployDirectory 웹 애플리케이션 디렉토리 [C:\Users\Administrator\Desktop\kim\apache-tomcat-10.0.5\webapps\ROOT]에 대한 배치가 [16] 밀리초에 완료되었습니다.
25-Apr-2021 20:39:57.273 정보 [main] org.apache.coyote.AbstractProtocol.start 프로토콜 핸들러 ["http-nio-8181"]을(를) 시작합니다.
25-Apr-2021 20:39:57.288 정보 [main] org.apache.catalina.startup.Catalina.start 서버가 [725] 밀리초 내에 시작되었습니다.
25-Apr-2021 20:57:09.069 정보 [Catalina-utility-1] org.apache.catalina.startup.HostConfig.undeploy 컨텍스트 [/JSPBasic]의 배치를 제거합니다.
25-Apr-2021 20:57:09.106 정보 [Catalina-utility-1] org.apache.catalina.startup.HostConfig.deployDescriptor 배치 descriptor [C:\Users\Administrator\Desktop\kim\apache-tomcat-10.0.5\conf\Catalina\localhost\JSPBasic.xml]을(를) 배치합니다.
25-Apr-2021 20:57:09.107 경고 [Catalina-utility-1] org.apache.catalina.startup.HostConfig.deployDescriptor 배치 descriptor [C:\Users\Administrator\Desktop\kim\apache-tomcat-10.0.5\conf\Catalina\localhost\JSPBasic.xml] 내에서, [/JSPBasic] 값을 가진 path 속성은 무시됩니다.
25-Apr-2021 20:57:09.141 정보 [Catalina-utility-1] org.apache.catalina.startup.HostConfig.deployDescriptor 배치 descriptor [C:\Users\Administrator\Desktop\kim\apache-tomcat-10.0.5\conf\Catalina\localhost\JSPBasic.xml]의 배치가 [35] 밀리초 내에 완료되었습니다.
25-Apr-2021 21:08:10.874 정보 [main] org.apache.catalina.startup.VersionLoggerListener.log 서버 버전 이름:    Apache Tomcat/10.0.5
25-Apr-2021 21:08:10.889 정보 [main] org.apache.catalina.startup.VersionLoggerListener.log Server 빌드 시각:  Mar 30 2021 08:19:50 UTC
25-Apr-2021 21:08:10.889 정보 [main] org.apache.catalina.startup.VersionLoggerListener.log Server 버전 번호:  10.0.5.0
25-Apr-2021 21:08:10.889 정보 [main] org.apache.catalina.startup.VersionLoggerListener.log 운영체제 이름:     Windows 10
25-Apr-2021 21:08:10.889 정보 [main] org.apache.catalina.startup.VersionLoggerListener.log 운영체제 버전:     10.0
25-Apr-2021 21:08:10.889 정보 [main] org.apache.catalina.startup.VersionLoggerListener.log 아키텍처:          x86
25-Apr-2021 21:08:10.889 정보 [main] org.apache.catalina.startup.VersionLoggerListener.log 자바 홈:           C:\Program Files (x86)\Java\jdk1.8.0_291\jre
25-Apr-2021 21:08:10.889 정보 [main] org.apache.catalina.startup.VersionLoggerListener.log JVM 버전:          1.8.0_291-b10
25-Apr-2021 21:08:10.889 정보 [main] org.apache.catalina.startup.VersionLoggerListener.log JVM 벤더:          Oracle Corporation
25-Apr-2021 21:08:10.889 정보 [main] org.apache.catalina.startup.VersionLoggerListener.log CATALINA_BASE:     C:\Users\Administrator\Desktop\kim\apache-tomcat-10.0.5
25-Apr-2021 21:08:10.889 정보 [main] org.apache.catalina.startup.VersionLoggerListener.log CATALINA_HOME:     C:\Users\Administrator\Desktop\kim\apache-tomcat-10.0.5
25-Apr-2021 21:08:10.889 정보 [main] org.apache.catalina.startup.VersionLoggerListener.log 명령 행 아규먼트:  -Djava.util.logging.config.file=C:\Users\Administrator\Desktop\kim\apache-tomcat-10.0.5\conf\logging.properties
25-Apr-2021 21:08:10.889 정보 [main] org.apache.catalina.startup.VersionLoggerListener.log 명령 행 아규먼트:  -Djava.util.logging.manager=org.apache.juli.ClassLoaderLogManager
25-Apr-2021 21:08:10.889 정보 [main] org.apache.catalina.startup.VersionLoggerListener.log 명령 행 아규먼트:  -Djdk.tls.ephemeralDHKeySize=2048
25-Apr-2021 21:08:10.889 정보 [main] org.apache.catalina.startup.VersionLoggerListener.log 명령 행 아규먼트:  -Djava.protocol.handler.pkgs=org.apache.catalina.webresources
25-Apr-2021 21:08:10.889 정보 [main] org.apache.catalina.startup.VersionLoggerListener.log 명령 행 아규먼트:  -Dignore.endorsed.dirs=
25-Apr-2021 21:08:10.889 정보 [main] org.apache.catalina.startup.VersionLoggerListener.log 명령 행 아규먼트:  -Dcatalina.base=C:\Users\Administrator\Desktop\kim\apache-tomcat-10.0.5
25-Apr-2021 21:08:10.889 정보 [main] org.apache.catalina.startup.VersionLoggerListener.log 명령 행 아규먼트:  -Dcatalina.home=C:\Users\Administrator\Desktop\kim\apache-tomcat-10.0.5
25-Apr-2021 21:08:10.889 정보 [main] org.apache.catalina.startup.VersionLoggerListener.log 명령 행 아규먼트:  -Djava.io.tmpdir=C:\Users\Administrator\Desktop\kim\apache-tomcat-10.0.5\temp
25-Apr-2021 21:08:10.905 정보 [main] org.apache.catalina.core.AprLifecycleListener.lifecycleEvent 프로덕션 환경들에서 최적의 성능을 제공하는, APR 기반 Apache Tomcat Native 라이브러리가, 다음 java.library.path에서 발견되지 않습니다: [C:\Program Files (x86)\Java\jdk1.8.0_291\bin;C:\WINDOWS\Sun\Java\bin;C:\WINDOWS\system32;C:\WINDOWS;C:\Program Files (x86)\Common Files\Oracle\Java\javapath;C:\Program Files (x86)\Intel\Intel(R) Management Engine Components\iCLS\;C:\Program Files\Intel\Intel(R) Management Engine Components\iCLS\;C:\ProgramData\Oracle\Java\javapath;C:\WINDOWS\system32;C:\WINDOWS;C:\WINDOWS\System32\Wbem;C:\WINDOWS\System32\WindowsPowerShell\v1.0\;C:\Program Files (x86)\Windows Live\Shared;C:\WINDOWS\system32;C:\WINDOWS;C:\WINDOWS\System32\Wbem;C:\WINDOWS\System32\WindowsPowerShell\v1.0\;C:\Program Files (x86)\Intel\Intel(R) Management Engine Components\DAL;C:\Program Files\Intel\Intel(R) Management Engine Components\DAL;C:\Program Files (x86)\Intel\Intel(R) Management Engine Components\IPT;C:\Program Files\Intel\Intel(R) Management Engine Components\IPT;C:\Program Files\Csound6_x64\bin;C:\Program Files\NVIDIA Corporation\NVIDIA NvDLISR;C:\Program Files (x86)\NVIDIA Corporation\PhysX\Common;C:\Program Files\nodejs\;C:\Program Files\Git\cmd;C:\Program Files (x86)\Java\jdk1.8.0_291\bin;C:\Users\Administrator\AppData\Local\Programs\AdoptOpenJDK\jdk-11.0.10.9-hotspot\bin;C:\Users\Administrator\AppData\Local\Microsoft\WindowsApps;C:\Program Files (x86)\SoftForum\XecureHSM\;C:\Users\Administrator\AppData\Local\Programs\Microsoft VS Code\bin;C:\Users\Administrator\AppData\Roaming\npm;C:\Program Files (x86)\ESTsoft\ALSee\x64;.]
25-Apr-2021 21:08:11.093 정보 [main] org.apache.coyote.AbstractProtocol.init 프로토콜 핸들러 ["http-nio-8181"]을(를) 초기화합니다.
25-Apr-2021 21:08:11.108 정보 [main] org.apache.catalina.startup.Catalina.load [354] 밀리초 내에 서버가 초기화되었습니다.
25-Apr-2021 21:08:11.124 정보 [main] org.apache.catalina.core.StandardService.startInternal 서비스 [Catalina]을(를) 시작합니다.
25-Apr-2021 21:08:11.124 정보 [main] org.apache.catalina.core.StandardEngine.startInternal 서버 엔진을 시작합니다: [Apache Tomcat/10.0.5]
25-Apr-2021 21:08:11.139 정보 [main] org.apache.catalina.startup.HostConfig.deployDescriptor 배치 descriptor [C:\Users\Administrator\Desktop\kim\apache-tomcat-10.0.5\conf\Catalina\localhost\JSPBasic.xml]을(를) 배치합니다.
25-Apr-2021 21:08:11.155 경고 [main] org.apache.catalina.startup.HostConfig.deployDescriptor 배치 descriptor [C:\Users\Administrator\Desktop\kim\apache-tomcat-10.0.5\conf\Catalina\localhost\JSPBasic.xml] 내에서, [/JSPBasic] 값을 가진 path 속성은 무시됩니다.
25-Apr-2021 21:08:11.358 정보 [main] org.apache.catalina.startup.HostConfig.deployDescriptor 배치 descriptor [C:\Users\Administrator\Desktop\kim\apache-tomcat-10.0.5\conf\Catalina\localhost\JSPBasic.xml]의 배치가 [219] 밀리초 내에 완료되었습니다.
25-Apr-2021 21:08:11.358 정보 [main] org.apache.catalina.startup.HostConfig.deployDirectory 웹 애플리케이션 디렉토리 [C:\Users\Administrator\Desktop\kim\apache-tomcat-10.0.5\webapps\docs]을(를) 배치합니다.
25-Apr-2021 21:08:11.374 정보 [main] org.apache.catalina.startup.HostConfig.deployDirectory 웹 애플리케이션 디렉토리 [C:\Users\Administrator\Desktop\kim\apache-tomcat-10.0.5\webapps\docs]에 대한 배치가 [16] 밀리초에 완료되었습니다.
25-Apr-2021 21:08:11.374 정보 [main] org.apache.catalina.startup.HostConfig.deployDirectory 웹 애플리케이션 디렉토리 [C:\Users\Administrator\Desktop\kim\apache-tomcat-10.0.5\webapps\examples]을(를) 배치합니다.
25-Apr-2021 21:08:11.718 정보 [main] org.apache.catalina.startup.HostConfig.deployDirectory 웹 애플리케이션 디렉토리 [C:\Users\Administrator\Desktop\kim\apache-tomcat-10.0.5\webapps\examples]에 대한 배치가 [344] 밀리초에 완료되었습니다.
25-Apr-2021 21:08:11.718 정보 [main] org.apache.catalina.startup.HostConfig.deployDirectory 웹 애플리케이션 디렉토리 [C:\Users\Administrator\Desktop\kim\apache-tomcat-10.0.5\webapps\host-manager]을(를) 배치합니다.
25-Apr-2021 21:08:11.733 정보 [main] org.apache.catalina.startup.HostConfig.deployDirectory 웹 애플리케이션 디렉토리 [C:\Users\Administrator\Desktop\kim\apache-tomcat-10.0.5\webapps\host-manager]에 대한 배치가 [15] 밀리초에 완료되었습니다.
25-Apr-2021 21:08:11.749 정보 [main] org.apache.catalina.startup.HostConfig.deployDirectory 웹 애플리케이션 디렉토리 [C:\Users\Administrator\Desktop\kim\apache-tomcat-10.0.5\webapps\manager]을(를) 배치합니다.
25-Apr-2021 21:08:11.765 정보 [main] org.apache.catalina.startup.HostConfig.deployDirectory 웹 애플리케이션 디렉토리 [C:\Users\Administrator\Desktop\kim\apache-tomcat-10.0.5\webapps\manager]에 대한 배치가 [16] 밀리초에 완료되었습니다.
25-Apr-2021 21:08:11.765 정보 [main] org.apache.catalina.startup.HostConfig.deployDirectory 웹 애플리케이션 디렉토리 [C:\Users\Administrator\Desktop\kim\apache-tomcat-10.0.5\webapps\ROOT]을(를) 배치합니다.
25-Apr-2021 21:08:11.780 정보 [main] org.apache.catalina.startup.HostConfig.deployDirectory 웹 애플리케이션 디렉토리 [C:\Users\Administrator\Desktop\kim\apache-tomcat-10.0.5\webapps\ROOT]에 대한 배치가 [15] 밀리초에 완료되었습니다.
25-Apr-2021 21:08:11.796 정보 [main] org.apache.coyote.AbstractProtocol.start 프로토콜 핸들러 ["http-nio-8181"]을(를) 시작합니다.
25-Apr-2021 21:08:11.796 정보 [main] org.apache.catalina.startup.Catalina.start 서버가 [698] 밀리초 내에 시작되었습니다.
25-Apr-2021 21:13:59.329 정보 [main] org.apache.catalina.startup.VersionLoggerListener.log 서버 버전 이름:    Apache Tomcat/10.0.5
25-Apr-2021 21:13:59.329 정보 [main] org.apache.catalina.startup.VersionLoggerListener.log Server 빌드 시각:  Mar 30 2021 08:19:50 UTC
25-Apr-2021 21:13:59.329 정보 [main] org.apache.catalina.startup.VersionLoggerListener.log Server 버전 번호:  10.0.5.0
25-Apr-2021 21:13:59.329 정보 [main] org.apache.catalina.startup.VersionLoggerListener.log 운영체제 이름:     Windows 10
25-Apr-2021 21:13:59.329 정보 [main] org.apache.catalina.startup.VersionLoggerListener.log 운영체제 버전:     10.0
25-Apr-2021 21:13:59.329 정보 [main] org.apache.catalina.startup.VersionLoggerListener.log 아키텍처:          x86
25-Apr-2021 21:13:59.329 정보 [main] org.apache.catalina.startup.VersionLoggerListener.log 자바 홈:           C:\Program Files (x86)\Java\jdk1.8.0_291\jre
25-Apr-2021 21:13:59.329 정보 [main] org.apache.catalina.startup.VersionLoggerListener.log JVM 버전:          1.8.0_291-b10
25-Apr-2021 21:13:59.329 정보 [main] org.apache.catalina.startup.VersionLoggerListener.log JVM 벤더:          Oracle Corporation
25-Apr-2021 21:13:59.329 정보 [main] org.apache.catalina.startup.VersionLoggerListener.log CATALINA_BASE:     C:\Users\Administrator\Desktop\kim\apache-tomcat-10.0.5
25-Apr-2021 21:13:59.329 정보 [main] org.apache.catalina.startup.VersionLoggerListener.log CATALINA_HOME:     C:\Users\Administrator\Desktop\kim\apache-tomcat-10.0.5
25-Apr-2021 21:13:59.329 정보 [main] org.apache.catalina.startup.VersionLoggerListener.log 명령 행 아규먼트:  -Djava.util.logging.config.file=C:\Users\Administrator\Desktop\kim\apache-tomcat-10.0.5\conf\logging.properties
25-Apr-2021 21:13:59.329 정보 [main] org.apache.catalina.startup.VersionLoggerListener.log 명령 행 아규먼트:  -Djava.util.logging.manager=org.apache.juli.ClassLoaderLogManager
25-Apr-2021 21:13:59.329 정보 [main] org.apache.catalina.startup.VersionLoggerListener.log 명령 행 아규먼트:  -Djdk.tls.ephemeralDHKeySize=2048
25-Apr-2021 21:13:59.329 정보 [main] org.apache.catalina.startup.VersionLoggerListener.log 명령 행 아규먼트:  -Djava.protocol.handler.pkgs=org.apache.catalina.webresources
25-Apr-2021 21:13:59.329 정보 [main] org.apache.catalina.startup.VersionLoggerListener.log 명령 행 아규먼트:  -Dignore.endorsed.dirs=
25-Apr-2021 21:13:59.329 정보 [main] org.apache.catalina.startup.VersionLoggerListener.log 명령 행 아규먼트:  -Dcatalina.base=C:\Users\Administrator\Desktop\kim\apache-tomcat-10.0.5
25-Apr-2021 21:13:59.329 정보 [main] org.apache.catalina.startup.VersionLoggerListener.log 명령 행 아규먼트:  -Dcatalina.home=C:\Users\Administrator\Desktop\kim\apache-tomcat-10.0.5
25-Apr-2021 21:13:59.329 정보 [main] org.apache.catalina.startup.VersionLoggerListener.log 명령 행 아규먼트:  -Djava.io.tmpdir=C:\Users\Administrator\Desktop\kim\apache-tomcat-10.0.5\temp
25-Apr-2021 21:13:59.345 정보 [main] org.apache.catalina.core.AprLifecycleListener.lifecycleEvent 프로덕션 환경들에서 최적의 성능을 제공하는, APR 기반 Apache Tomcat Native 라이브러리가, 다음 java.library.path에서 발견되지 않습니다: [C:\Program Files (x86)\Java\jdk1.8.0_291\bin;C:\WINDOWS\Sun\Java\bin;C:\WINDOWS\system32;C:\WINDOWS;C:\Program Files (x86)\Common Files\Oracle\Java\javapath;C:\Program Files (x86)\Intel\Intel(R) Management Engine Components\iCLS\;C:\Program Files\Intel\Intel(R) Management Engine Components\iCLS\;C:\ProgramData\Oracle\Java\javapath;C:\WINDOWS\system32;C:\WINDOWS;C:\WINDOWS\System32\Wbem;C:\WINDOWS\System32\WindowsPowerShell\v1.0\;C:\Program Files (x86)\Windows Live\Shared;C:\WINDOWS\system32;C:\WINDOWS;C:\WINDOWS\System32\Wbem;C:\WINDOWS\System32\WindowsPowerShell\v1.0\;C:\Program Files (x86)\Intel\Intel(R) Management Engine Components\DAL;C:\Program Files\Intel\Intel(R) Management Engine Components\DAL;C:\Program Files (x86)\Intel\Intel(R) Management Engine Components\IPT;C:\Program Files\Intel\Intel(R) Management Engine Components\IPT;C:\Program Files\Csound6_x64\bin;C:\Program Files\NVIDIA Corporation\NVIDIA NvDLISR;C:\Program Files (x86)\NVIDIA Corporation\PhysX\Common;C:\Program Files\nodejs\;C:\Program Files\Git\cmd;C:\Program Files (x86)\Java\jdk1.8.0_291\bin;C:\Users\Administrator\AppData\Local\Programs\AdoptOpenJDK\jdk-11.0.10.9-hotspot\bin;C:\Users\Administrator\AppData\Local\Microsoft\WindowsApps;C:\Program Files (x86)\SoftForum\XecureHSM\;C:\Users\Administrator\AppData\Local\Programs\Microsoft VS Code\bin;C:\Users\Administrator\AppData\Roaming\npm;C:\Program Files (x86)\ESTsoft\ALSee\x64;.]
25-Apr-2021 21:13:59.532 정보 [main] org.apache.coyote.AbstractProtocol.init 프로토콜 핸들러 ["http-nio-8181"]을(를) 초기화합니다.
25-Apr-2021 21:13:59.548 정보 [main] org.apache.catalina.startup.Catalina.load [329] 밀리초 내에 서버가 초기화되었습니다.
25-Apr-2021 21:13:59.563 정보 [main] org.apache.catalina.core.StandardService.startInternal 서비스 [Catalina]을(를) 시작합니다.
25-Apr-2021 21:13:59.563 정보 [main] org.apache.catalina.core.StandardEngine.startInternal 서버 엔진을 시작합니다: [Apache Tomcat/10.0.5]
25-Apr-2021 21:13:59.579 정보 [main] org.apache.catalina.startup.HostConfig.deployDescriptor 배치 descriptor [C:\Users\Administrator\Desktop\kim\apache-tomcat-10.0.5\conf\Catalina\localhost\JSPBasic.xml]을(를) 배치합니다.
25-Apr-2021 21:13:59.579 경고 [main] org.apache.catalina.startup.HostConfig.deployDescriptor 배치 descriptor [C:\Users\Administrator\Desktop\kim\apache-tomcat-10.0.5\conf\Catalina\localhost\JSPBasic.xml] 내에서, [/JSPBasic] 값을 가진 path 속성은 무시됩니다.
25-Apr-2021 21:13:59.798 정보 [main] org.apache.catalina.startup.HostConfig.deployDescriptor 배치 descriptor [C:\Users\Administrator\Desktop\kim\apache-tomcat-10.0.5\conf\Catalina\localhost\JSPBasic.xml]의 배치가 [235] 밀리초 내에 완료되었습니다.
25-Apr-2021 21:13:59.798 정보 [main] org.apache.catalina.startup.HostConfig.deployDirectory 웹 애플리케이션 디렉토리 [C:\Users\Administrator\Desktop\kim\apache-tomcat-10.0.5\webapps\docs]을(를) 배치합니다.
25-Apr-2021 21:13:59.813 정보 [main] org.apache.catalina.startup.HostConfig.deployDirectory 웹 애플리케이션 디렉토리 [C:\Users\Administrator\Desktop\kim\apache-tomcat-10.0.5\webapps\docs]에 대한 배치가 [15] 밀리초에 완료되었습니다.
25-Apr-2021 21:13:59.813 정보 [main] org.apache.catalina.startup.HostConfig.deployDirectory 웹 애플리케이션 디렉토리 [C:\Users\Administrator\Desktop\kim\apache-tomcat-10.0.5\webapps\examples]을(를) 배치합니다.
25-Apr-2021 21:14:00.142 정보 [main] org.apache.catalina.startup.HostConfig.deployDirectory 웹 애플리케이션 디렉토리 [C:\Users\Administrator\Desktop\kim\apache-tomcat-10.0.5\webapps\examples]에 대한 배치가 [329] 밀리초에 완료되었습니다.
25-Apr-2021 21:14:00.142 정보 [main] org.apache.catalina.startup.HostConfig.deployDirectory 웹 애플리케이션 디렉토리 [C:\Users\Administrator\Desktop\kim\apache-tomcat-10.0.5\webapps\host-manager]을(를) 배치합니다.
25-Apr-2021 21:14:00.173 정보 [main] org.apache.catalina.startup.HostConfig.deployDirectory 웹 애플리케이션 디렉토리 [C:\Users\Administrator\Desktop\kim\apache-tomcat-10.0.5\webapps\host-manager]에 대한 배치가 [31] 밀리초에 완료되었습니다.
25-Apr-2021 21:14:00.173 정보 [main] org.apache.catalina.startup.HostConfig.deployDirectory 웹 애플리케이션 디렉토리 [C:\Users\Administrator\Desktop\kim\apache-tomcat-10.0.5\webapps\manager]을(를) 배치합니다.
25-Apr-2021 21:14:00.188 정보 [main] org.apache.catalina.startup.HostConfig.deployDirectory 웹 애플리케이션 디렉토리 [C:\Users\Administrator\Desktop\kim\apache-tomcat-10.0.5\webapps\manager]에 대한 배치가 [15] 밀리초에 완료되었습니다.
25-Apr-2021 21:14:00.188 정보 [main] org.apache.catalina.startup.HostConfig.deployDirectory 웹 애플리케이션 디렉토리 [C:\Users\Administrator\Desktop\kim\apache-tomcat-10.0.5\webapps\ROOT]을(를) 배치합니다.
25-Apr-2021 21:14:00.204 정보 [main] org.apache.catalina.startup.HostConfig.deployDirectory 웹 애플리케이션 디렉토리 [C:\Users\Administrator\Desktop\kim\apache-tomcat-10.0.5\webapps\ROOT]에 대한 배치가 [16] 밀리초에 완료되었습니다.
25-Apr-2021 21:14:00.220 정보 [main] org.apache.coyote.AbstractProtocol.start 프로토콜 핸들러 ["http-nio-8181"]을(를) 시작합니다.
25-Apr-2021 21:14:00.220 정보 [main] org.apache.catalina.startup.Catalina.start 서버가 [681] 밀리초 내에 시작되었습니다.
25-Apr-2021 22:37:49.218 정보 [main] org.apache.catalina.startup.VersionLoggerListener.log 서버 버전 이름:    Apache Tomcat/10.0.5
25-Apr-2021 22:37:49.218 정보 [main] org.apache.catalina.startup.VersionLoggerListener.log Server 빌드 시각:  Mar 30 2021 08:19:50 UTC
25-Apr-2021 22:37:49.218 정보 [main] org.apache.catalina.startup.VersionLoggerListener.log Server 버전 번호:  10.0.5.0
25-Apr-2021 22:37:49.218 정보 [main] org.apache.catalina.startup.VersionLoggerListener.log 운영체제 이름:     Windows 10
25-Apr-2021 22:37:49.218 정보 [main] org.apache.catalina.startup.VersionLoggerListener.log 운영체제 버전:     10.0
25-Apr-2021 22:37:49.218 정보 [main] org.apache.catalina.startup.VersionLoggerListener.log 아키텍처:          x86
25-Apr-2021 22:37:49.218 정보 [main] org.apache.catalina.startup.VersionLoggerListener.log 자바 홈:           C:\Program Files (x86)\Java\jdk1.8.0_291\jre
25-Apr-2021 22:37:49.218 정보 [main] org.apache.catalina.startup.VersionLoggerListener.log JVM 버전:          1.8.0_291-b10
25-Apr-2021 22:37:49.218 정보 [main] org.apache.catalina.startup.VersionLoggerListener.log JVM 벤더:          Oracle Corporation
25-Apr-2021 22:37:49.218 정보 [main] org.apache.catalina.startup.VersionLoggerListener.log CATALINA_BASE:     C:\Users\Administrator\Desktop\kim\apache-tomcat-10.0.5
25-Apr-2021 22:37:49.218 정보 [main] org.apache.catalina.startup.VersionLoggerListener.log CATALINA_HOME:     C:\Users\Administrator\Desktop\kim\apache-tomcat-10.0.5
25-Apr-2021 22:37:49.218 정보 [main] org.apache.catalina.startup.VersionLoggerListener.log 명령 행 아규먼트:  -Djava.util.logging.config.file=C:\Users\Administrator\Desktop\kim\apache-tomcat-10.0.5\conf\logging.properties
25-Apr-2021 22:37:49.218 정보 [main] org.apache.catalina.startup.VersionLoggerListener.log 명령 행 아규먼트:  -Djava.util.logging.manager=org.apache.juli.ClassLoaderLogManager
25-Apr-2021 22:37:49.218 정보 [main] org.apache.catalina.startup.VersionLoggerListener.log 명령 행 아규먼트:  -Djdk.tls.ephemeralDHKeySize=2048
25-Apr-2021 22:37:49.218 정보 [main] org.apache.catalina.startup.VersionLoggerListener.log 명령 행 아규먼트:  -Djava.protocol.handler.pkgs=org.apache.catalina.webresources
25-Apr-2021 22:37:49.218 정보 [main] org.apache.catalina.startup.VersionLoggerListener.log 명령 행 아규먼트:  -Dignore.endorsed.dirs=
25-Apr-2021 22:37:49.218 정보 [main] org.apache.catalina.startup.VersionLoggerListener.log 명령 행 아규먼트:  -Dcatalina.base=C:\Users\Administrator\Desktop\kim\apache-tomcat-10.0.5
25-Apr-2021 22:37:49.218 정보 [main] org.apache.catalina.startup.VersionLoggerListener.log 명령 행 아규먼트:  -Dcatalina.home=C:\Users\Administrator\Desktop\kim\apache-tomcat-10.0.5
25-Apr-2021 22:37:49.218 정보 [main] org.apache.catalina.startup.VersionLoggerListener.log 명령 행 아규먼트:  -Djava.io.tmpdir=C:\Users\Administrator\Desktop\kim\apache-tomcat-10.0.5\temp
25-Apr-2021 22:37:49.233 정보 [main] org.apache.catalina.core.AprLifecycleListener.lifecycleEvent 프로덕션 환경들에서 최적의 성능을 제공하는, APR 기반 Apache Tomcat Native 라이브러리가, 다음 java.library.path에서 발견되지 않습니다: [C:\Program Files (x86)\Java\jdk1.8.0_291\bin;C:\WINDOWS\Sun\Java\bin;C:\WINDOWS\system32;C:\WINDOWS;C:\Program Files (x86)\Common Files\Oracle\Java\javapath;C:\Program Files (x86)\Intel\Intel(R) Management Engine Components\iCLS\;C:\Program Files\Intel\Intel(R) Management Engine Components\iCLS\;C:\ProgramData\Oracle\Java\javapath;C:\WINDOWS\system32;C:\WINDOWS;C:\WINDOWS\System32\Wbem;C:\WINDOWS\System32\WindowsPowerShell\v1.0\;C:\Program Files (x86)\Windows Live\Shared;C:\WINDOWS\system32;C:\WINDOWS;C:\WINDOWS\System32\Wbem;C:\WINDOWS\System32\WindowsPowerShell\v1.0\;C:\Program Files (x86)\Intel\Intel(R) Management Engine Components\DAL;C:\Program Files\Intel\Intel(R) Management Engine Components\DAL;C:\Program Files (x86)\Intel\Intel(R) Management Engine Components\IPT;C:\Program Files\Intel\Intel(R) Management Engine Components\IPT;C:\Program Files\Csound6_x64\bin;C:\Program Files\NVIDIA Corporation\NVIDIA NvDLISR;C:\Program Files (x86)\NVIDIA Corporation\PhysX\Common;C:\Program Files\nodejs\;C:\Program Files\Git\cmd;C:\Program Files (x86)\Java\jdk1.8.0_291\bin;C:\Users\Administrator\AppData\Local\Programs\AdoptOpenJDK\jdk-11.0.10.9-hotspot\bin;C:\Users\Administrator\AppData\Local\Microsoft\WindowsApps;C:\Program Files (x86)\SoftForum\XecureHSM\;C:\Users\Administrator\AppData\Local\Programs\Microsoft VS Code\bin;C:\Users\Administrator\AppData\Roaming\npm;C:\Program Files (x86)\ESTsoft\ALSee\x64;.]
25-Apr-2021 22:37:49.421 정보 [main] org.apache.coyote.AbstractProtocol.init 프로토콜 핸들러 ["http-nio-8181"]을(를) 초기화합니다.
25-Apr-2021 22:37:49.436 정보 [main] org.apache.catalina.startup.Catalina.load [330] 밀리초 내에 서버가 초기화되었습니다.
25-Apr-2021 22:37:49.452 정보 [main] org.apache.catalina.core.StandardService.startInternal 서비스 [Catalina]을(를) 시작합니다.
25-Apr-2021 22:37:49.452 정보 [main] org.apache.catalina.core.StandardEngine.startInternal 서버 엔진을 시작합니다: [Apache Tomcat/10.0.5]
25-Apr-2021 22:37:49.468 정보 [main] org.apache.catalina.startup.HostConfig.deployDescriptor 배치 descriptor [C:\Users\Administrator\Desktop\kim\apache-tomcat-10.0.5\conf\Catalina\localhost\JSPBasic.xml]을(를) 배치합니다.
25-Apr-2021 22:37:49.468 경고 [main] org.apache.catalina.startup.HostConfig.deployDescriptor 배치 descriptor [C:\Users\Administrator\Desktop\kim\apache-tomcat-10.0.5\conf\Catalina\localhost\JSPBasic.xml] 내에서, [/JSPBasic] 값을 가진 path 속성은 무시됩니다.
25-Apr-2021 22:37:49.671 정보 [main] org.apache.catalina.startup.HostConfig.deployDescriptor 배치 descriptor [C:\Users\Administrator\Desktop\kim\apache-tomcat-10.0.5\conf\Catalina\localhost\JSPBasic.xml]의 배치가 [203] 밀리초 내에 완료되었습니다.
25-Apr-2021 22:37:49.671 정보 [main] org.apache.catalina.startup.HostConfig.deployDirectory 웹 애플리케이션 디렉토리 [C:\Users\Administrator\Desktop\kim\apache-tomcat-10.0.5\webapps\docs]을(를) 배치합니다.
25-Apr-2021 22:37:49.702 정보 [main] org.apache.catalina.startup.HostConfig.deployDirectory 웹 애플리케이션 디렉토리 [C:\Users\Administrator\Desktop\kim\apache-tomcat-10.0.5\webapps\docs]에 대한 배치가 [31] 밀리초에 완료되었습니다.
25-Apr-2021 22:37:49.702 정보 [main] org.apache.catalina.startup.HostConfig.deployDirectory 웹 애플리케이션 디렉토리 [C:\Users\Administrator\Desktop\kim\apache-tomcat-10.0.5\webapps\examples]을(를) 배치합니다.
25-Apr-2021 22:37:50.043 정보 [main] org.apache.catalina.startup.HostConfig.deployDirectory 웹 애플리케이션 디렉토리 [C:\Users\Administrator\Desktop\kim\apache-tomcat-10.0.5\webapps\examples]에 대한 배치가 [341] 밀리초에 완료되었습니다.
25-Apr-2021 22:37:50.043 정보 [main] org.apache.catalina.startup.HostConfig.deployDirectory 웹 애플리케이션 디렉토리 [C:\Users\Administrator\Desktop\kim\apache-tomcat-10.0.5\webapps\host-manager]을(를) 배치합니다.
25-Apr-2021 22:37:50.079 정보 [main] org.apache.catalina.startup.HostConfig.deployDirectory 웹 애플리케이션 디렉토리 [C:\Users\Administrator\Desktop\kim\apache-tomcat-10.0.5\webapps\host-manager]에 대한 배치가 [36] 밀리초에 완료되었습니다.
25-Apr-2021 22:37:50.080 정보 [main] org.apache.catalina.startup.HostConfig.deployDirectory 웹 애플리케이션 디렉토리 [C:\Users\Administrator\Desktop\kim\apache-tomcat-10.0.5\webapps\manager]을(를) 배치합니다.
25-Apr-2021 22:37:50.103 정보 [main] org.apache.catalina.startup.HostConfig.deployDirectory 웹 애플리케이션 디렉토리 [C:\Users\Administrator\Desktop\kim\apache-tomcat-10.0.5\webapps\manager]에 대한 배치가 [23] 밀리초에 완료되었습니다.
25-Apr-2021 22:37:50.103 정보 [main] org.apache.catalina.startup.HostConfig.deployDirectory 웹 애플리케이션 디렉토리 [C:\Users\Administrator\Desktop\kim\apache-tomcat-10.0.5\webapps\ROOT]을(를) 배치합니다.
25-Apr-2021 22:37:50.118 정보 [main] org.apache.catalina.startup.HostConfig.deployDirectory 웹 애플리케이션 디렉토리 [C:\Users\Administrator\Desktop\kim\apache-tomcat-10.0.5\webapps\ROOT]에 대한 배치가 [15] 밀리초에 완료되었습니다.
25-Apr-2021 22:37:50.118 정보 [main] org.apache.coyote.AbstractProtocol.start 프로토콜 핸들러 ["http-nio-8181"]을(를) 시작합니다.
25-Apr-2021 22:37:50.134 정보 [main] org.apache.catalina.startup.Catalina.start 서버가 [704] 밀리초 내에 시작되었습니다.
25-Apr-2021 22:55:22.490 정보 [Catalina-utility-2] org.apache.catalina.startup.HostConfig.undeploy 컨텍스트 [/JSPBasic]의 배치를 제거합니다.
25-Apr-2021 22:55:22.532 정보 [Catalina-utility-2] org.apache.catalina.startup.HostConfig.deployDescriptor 배치 descriptor [C:\Users\Administrator\Desktop\kim\apache-tomcat-10.0.5\conf\Catalina\localhost\JSPBasic.xml]을(를) 배치합니다.
25-Apr-2021 22:55:22.539 경고 [Catalina-utility-2] org.apache.catalina.startup.HostConfig.deployDescriptor 배치 descriptor [C:\Users\Administrator\Desktop\kim\apache-tomcat-10.0.5\conf\Catalina\localhost\JSPBasic.xml] 내에서, [/JSPBasic] 값을 가진 path 속성은 무시됩니다.
25-Apr-2021 22:55:22.601 정보 [Catalina-utility-2] org.apache.catalina.startup.HostConfig.deployDescriptor 배치 descriptor [C:\Users\Administrator\Desktop\kim\apache-tomcat-10.0.5\conf\Catalina\localhost\JSPBasic.xml]의 배치가 [69] 밀리초 내에 완료되었습니다.
25-Apr-2021 22:58:03.405 정보 [Catalina-utility-1] org.apache.catalina.startup.HostConfig.undeploy 컨텍스트 [/JSPBasic]의 배치를 제거합니다.
25-Apr-2021 23:03:44.103 정보 [Catalina-utility-1] org.apache.catalina.startup.HostConfig.deployDescriptor 배치 descriptor [C:\Users\Administrator\Desktop\kim\apache-tomcat-10.0.5\conf\Catalina\localhost\JSPBasic.xml]을(를) 배치합니다.
25-Apr-2021 23:03:44.105 경고 [Catalina-utility-1] org.apache.catalina.startup.HostConfig.deployDescriptor 배치 descriptor [C:\Users\Administrator\Desktop\kim\apache-tomcat-10.0.5\conf\Catalina\localhost\JSPBasic.xml] 내에서, [/JSPBasic] 값을 가진 path 속성은 무시됩니다.
25-Apr-2021 23:03:44.133 정보 [Catalina-utility-1] org.apache.catalina.startup.HostConfig.deployDescriptor 배치 descriptor [C:\Users\Administrator\Desktop\kim\apache-tomcat-10.0.5\conf\Catalina\localhost\JSPBasic.xml]의 배치가 [30] 밀리초 내에 완료되었습니다.
